<?xml version="1.0" encoding="UTF-8"?>
<testsuite name="com.amazon.script.AmazonTest" tests="1" skipped="0" failures="0" errors="0" timestamp="2020-04-27T12:54:05" hostname="Priyankas-MacBook-Pro.local" time="11.525">
  <properties/>
  <testcase name="logoutToAmazon" classname="com.amazon.script.AmazonTest" time="11.525"/>
  <system-out><![CDATA[]]></system-out>
  <system-err><![CDATA[Starting ChromeDriver 81.0.4044.69 (6813546031a4bc83f717a2ef7cd4ac6ec1199132-refs/branch-heads/4044@{#776}) on port 8784
Only local connections are allowed.
Please protect ports used by ChromeDriver and related test frameworks to prevent access by malicious code.
Apr 27, 2020 6:24:01 PM org.openqa.selenium.remote.ProtocolHandshake createSession
INFO: Detected dialect: W3C
[1587992042.918][SEVERE]: Timed out receiving message from renderer: 0.100
[1587992043.020][SEVERE]: Timed out receiving message from renderer: 0.100
[1587992043.122][SEVERE]: Timed out receiving message from renderer: 0.100
[1587992043.223][SEVERE]: Timed out receiving message from renderer: 0.100
[1587992043.325][SEVERE]: Timed out receiving message from renderer: 0.100
[1587992043.427][SEVERE]: Timed out receiving message from renderer: 0.100
[1587992043.544][SEVERE]: Timed out receiving message from renderer: 0.100
[1587992043.810][SEVERE]: Timed out receiving message from renderer: 0.100
[1587992043.912][SEVERE]: Timed out receiving message from renderer: 0.100
[1587992044.057][SEVERE]: Timed out receiving message from renderer: 0.100
[1587992044.160][SEVERE]: Timed out receiving message from renderer: 0.100
[1587992044.263][SEVERE]: Timed out receiving message from renderer: 0.100
[1587992044.364][SEVERE]: Timed out receiving message from renderer: 0.100
[1587992044.466][SEVERE]: Timed out receiving message from renderer: 0.100
[1587992044.568][SEVERE]: Timed out receiving message from renderer: 0.100
[1587992044.689][SEVERE]: Timed out receiving message from renderer: 0.100
[1587992044.791][SEVERE]: Timed out receiving message from renderer: 0.100
[1587992044.976][SEVERE]: Timed out receiving message from renderer: 0.100
[1587992045.077][SEVERE]: Timed out receiving message from renderer: 0.100
[1587992045.262][SEVERE]: Timed out receiving message from renderer: 0.100
[1587992045.365][SEVERE]: Timed out receiving message from renderer: 0.100
[1587992045.466][SEVERE]: Timed out receiving message from renderer: 0.100
[1587992045.568][SEVERE]: Timed out receiving message from renderer: 0.100
[1587992045.670][SEVERE]: Timed out receiving message from renderer: 0.100
[1587992045.771][SEVERE]: Timed out receiving message from renderer: 0.100
[1587992046.488][SEVERE]: Timed out receiving message from renderer: 0.100
[1587992046.591][SEVERE]: Timed out receiving message from renderer: 0.100
[1587992046.694][SEVERE]: Timed out receiving message from renderer: 0.100
[1587992046.796][SEVERE]: Timed out receiving message from renderer: 0.100
[1587992046.979][SEVERE]: Timed out receiving message from renderer: 0.100
[1587992047.080][SEVERE]: Timed out receiving message from renderer: 0.100
[1587992047.182][SEVERE]: Timed out receiving message from renderer: 0.100
[1587992047.284][SEVERE]: Timed out receiving message from renderer: 0.100
[1587992047.536][SEVERE]: Timed out receiving message from renderer: 0.100
[1587992047.639][SEVERE]: Timed out receiving message from renderer: 0.100
[1587992048.526][SEVERE]: Timed out receiving message from renderer: 0.100
[1587992050.789][SEVERE]: Timed out receiving message from renderer: 0.100
[1587992050.889][SEVERE]: Timed out receiving message from renderer: 0.100
[1587992050.992][SEVERE]: Timed out receiving message from renderer: 0.100
[1587992051.094][SEVERE]: Timed out receiving message from renderer: 0.100
[1587992051.295][SEVERE]: Timed out receiving message from renderer: 0.100
]]></system-err>
</testsuite>
